Started GET "/" for 127.0.0.1 at 2017-09-22 11:51:54 -0300
Processing by Rails::WelcomeController#index as HTML
  Rendering /Users/nisum/.rvm/gems/ruby-2.4.1/gems/railties-5.1.4/lib/rails/templates/rails/welcome/index.html.erb
  Rendered /Users/nisum/.rvm/gems/ruby-2.4.1/gems/railties-5.1.4/lib/rails/templates/rails/welcome/index.html.erb (3.7ms)
Completed 200 OK in 157ms (Views: 9.5ms)


Started GET "/" for 127.0.0.1 at 2017-09-22 11:56:48 -0300
Processing by HomeController#index as HTML
  Rendering home/index.html.erb within layouts/application
  Rendered home/index.html.erb within layouts/application (0.3ms)
Completed 200 OK in 204ms (Views: 203.1ms)


Started GET "/" for 127.0.0.1 at 2017-09-22 12:01:15 -0300
Processing by HomeController#index as HTML
  Rendering home/index.html.erb within layouts/application
  Rendered home/index.html.erb within layouts/application (0.3ms)
Completed 200 OK in 8ms (Views: 7.3ms)


Started GET "/" for 127.0.0.1 at 2017-09-22 12:42:05 -0300
Processing by HomeController#index as HTML
  Rendering home/index.html.erb within layouts/application
  Rendered home/index.html.erb within layouts/application (0.6ms)
Completed 200 OK in 808ms (Views: 683.5ms)


Started GET "/" for 127.0.0.1 at 2017-09-22 12:57:26 -0300
Processing by HomeController#index as HTML
  Rendering home/index.html.erb within layouts/application
  Rendered home/index.html.erb within layouts/application (0.2ms)
Completed 200 OK in 1487ms (Views: 1485.9ms)


Started GET "/" for 127.0.0.1 at 2017-09-22 13:04:02 -0300
Processing by HomeController#index as HTML
  Rendering home/index.html.erb within layouts/application
  Rendered home/index.html.erb within layouts/application (1.1ms)
Completed 500 Internal Server Error in 457ms


  
ActionView::Template::Error (couldn't find file 'jquery' with type 'application/javascript'
Checked in these paths: 
  /Users/nisum/twitter-clone/app/assets/config
  /Users/nisum/twitter-clone/app/assets/images
  /Users/nisum/twitter-clone/app/assets/javascripts
  /Users/nisum/twitter-clone/app/assets/stylesheets
  /Users/nisum/.rvm/gems/ruby-2.4.1/gems/actioncable-5.1.4/lib/assets/compiled
  /Users/nisum/.rvm/gems/ruby-2.4.1/gems/actionview-5.1.4/lib/assets/compiled
  /Users/nisum/twitter-clone/node_modules
  /Users/nisum/.rvm/gems/ruby-2.4.1/gems/react-rails-2.2.1/lib/assets/react-source/development
  /Users/nisum/.rvm/gems/ruby-2.4.1/gems/react-rails-2.2.1/lib/assets/javascripts):
    4:     <title>TwitterClone</title>
    5:     <%= csrf_meta_tags %>
    6: 
    7:     <%= stylesheet_link_tag    'application', media: 'all' %>
    8:     <%= javascript_include_tag 'application' %>
    9:   </head>
   10: 
  
app/assets/javascripts/application.js:13
app/views/layouts/application.html.erb:7:in `_app_views_layouts_application_html_erb___3421554003849029846_70311140104240'
Started GET "/" for 127.0.0.1 at 2017-09-22 13:09:25 -0300
Processing by HomeController#index as HTML
  Rendering home/index.html.erb within layouts/application
  Rendered home/index.html.erb within layouts/application (0.6ms)
Completed 200 OK in 2119ms (Views: 1990.7ms)


Started GET "/" for 127.0.0.1 at 2017-09-22 13:10:02 -0300
Processing by HomeController#index as HTML
  Rendering home/index.html.erb within layouts/application
  Rendered home/index.html.erb within layouts/application (0.6ms)
Completed 200 OK in 732ms (Views: 603.3ms)


Started GET "/" for 127.0.0.1 at 2017-09-22 13:10:48 -0300
Processing by HomeController#index as HTML
  Rendering home/index.html.erb within layouts/application
  Rendered home/index.html.erb within layouts/application (0.6ms)
Completed 200 OK in 2025ms (Views: 1900.2ms)


Started GET "/" for 127.0.0.1 at 2017-09-22 13:12:54 -0300
Processing by HomeController#index as HTML
  Rendering home/index.html.erb within layouts/application
  Rendered home/index.html.erb within layouts/application (0.6ms)
Completed 200 OK in 381ms (Views: 247.9ms)


Started GET "/" for 127.0.0.1 at 2017-09-22 13:13:12 -0300
Processing by HomeController#index as HTML
  Rendering home/index.html.erb within layouts/application
  Rendered home/index.html.erb within layouts/application (0.2ms)
Completed 200 OK in 1655ms (Views: 1654.3ms)


Started GET "/" for 127.0.0.1 at 2017-09-22 13:20:59 -0300
Processing by HomeController#index as HTML
  Rendering home/index.html.erb within layouts/application
  Rendered home/index.html.erb within layouts/application (0.3ms)
Completed 200 OK in 40ms (Views: 38.7ms)


Started GET "/" for 127.0.0.1 at 2017-09-22 13:22:12 -0300
Processing by HomeController#index as HTML
  Rendering home/index.html.erb within layouts/application
  Rendered home/index.html.erb within layouts/application (0.3ms)
Completed 200 OK in 19ms (Views: 18.2ms)


Started GET "/" for 127.0.0.1 at 2017-09-22 13:24:45 -0300
Processing by HomeController#index as HTML
  Rendering home/index.html.erb within layouts/application
  Rendered home/index.html.erb within layouts/application (0.3ms)
Completed 200 OK in 923ms (Views: 921.8ms)


Started GET "/" for 127.0.0.1 at 2017-09-22 13:24:57 -0300
Processing by HomeController#index as HTML
  Rendering home/index.html.erb within layouts/application
  Rendered home/index.html.erb within layouts/application (0.5ms)
Completed 200 OK in 939ms (Views: 938.1ms)


Started GET "/" for 127.0.0.1 at 2017-09-22 13:25:18 -0300
Processing by HomeController#index as HTML
  Rendering home/index.html.erb within layouts/application
  Rendered home/index.html.erb within layouts/application (0.6ms)
Completed 200 OK in 525ms (Views: 396.5ms)


Started GET "/" for 127.0.0.1 at 2017-09-22 13:25:56 -0300
Processing by HomeController#index as HTML
  Rendering home/index.html.erb within layouts/application
  Rendered home/index.html.erb within layouts/application (0.2ms)
Completed 200 OK in 1586ms (Views: 1585.3ms)


Started GET "/" for 127.0.0.1 at 2017-09-22 13:26:19 -0300
Processing by HomeController#index as HTML
  Rendering home/index.html.erb within layouts/application
  Rendered home/index.html.erb within layouts/application (0.3ms)
Completed 200 OK in 17ms (Views: 16.3ms)


Started GET "/" for 127.0.0.1 at 2017-09-22 13:26:55 -0300
Processing by HomeController#index as HTML
  Rendering home/index.html.erb within layouts/application
  Rendered home/index.html.erb within layouts/application (0.3ms)
Completed 200 OK in 860ms (Views: 858.9ms)


Started GET "/" for 127.0.0.1 at 2017-09-22 14:01:20 -0300
Processing by HomeController#index as HTML
  Rendering home/index.html.erb within layouts/application
  Rendered home/index.html.erb within layouts/application (0.4ms)
Completed 200 OK in 877ms (Views: 875.9ms)


Started GET "/" for 127.0.0.1 at 2017-09-22 14:02:07 -0300
Processing by HomeController#index as HTML
  Rendering home/index.html.erb within layouts/application
  Rendered home/index.html.erb within layouts/application (0.3ms)
Completed 500 Internal Server Error in 672ms


  
ActionView::Template::Error (SyntaxError: unknown: Assigning to rvalue (4:8)
  2 | let documentReady = () => {
  3 |     
> 4 |         document.getElementById('react') = Hi;
    |         ^
  5 | };
  6 | $(documentReady);
  7 | ):
     5:     <%= csrf_meta_tags %>
     6: 
     7:     <%= stylesheet_link_tag    'application', media: 'all' %>
     8:     <%= javascript_include_tag 'application' %>
     9:   </head>
    10: 
    11:   <body>
  
app/views/layouts/application.html.erb:8:in `_app_views_layouts_application_html_erb__2959671051395099941_70248719685800'
Started GET "/" for 127.0.0.1 at 2017-09-22 14:10:32 -0300
Processing by HomeController#index as HTML
  Rendering home/index.html.erb within layouts/application
  Rendered home/index.html.erb within layouts/application (0.3ms)
Completed 200 OK in 21ms (Views: 20.2ms)


Started GET "/" for 127.0.0.1 at 2017-09-22 18:12:01 -0300
Processing by HomeController#index as HTML
  Rendering home/index.html.erb within layouts/application
  Rendered home/index.html.erb within layouts/application (1.7ms)
Completed 200 OK in 2053ms (Views: 1924.9ms)


Started GET "/" for 127.0.0.1 at 2017-09-22 18:13:12 -0300
Processing by HomeController#index as HTML
  Rendering home/index.html.erb within layouts/application
  Rendered home/index.html.erb within layouts/application (0.5ms)
Completed 200 OK in 941ms (Views: 940.4ms)


Started GET "/" for 127.0.0.1 at 2017-09-22 18:16:03 -0300
Processing by HomeController#index as HTML
  Rendering home/index.html.erb within layouts/application
  Rendered home/index.html.erb within layouts/application (0.3ms)
Completed 200 OK in 948ms (Views: 946.0ms)


Started GET "/" for 127.0.0.1 at 2017-09-22 18:16:45 -0300
Processing by HomeController#index as HTML
  Rendering home/index.html.erb within layouts/application
  Rendered home/index.html.erb within layouts/application (0.7ms)
Completed 200 OK in 35ms (Views: 34.2ms)


Started GET "/" for 127.0.0.1 at 2017-09-22 18:21:35 -0300
Processing by HomeController#index as HTML
  Rendering home/index.html.erb within layouts/application
  Rendered home/index.html.erb within layouts/application (0.8ms)
Completed 200 OK in 943ms (Views: 941.5ms)


Started GET "/" for 127.0.0.1 at 2017-09-22 18:22:02 -0300
Processing by HomeController#index as */*
  Rendering home/index.html.erb within layouts/application
  Rendered home/index.html.erb within layouts/application (0.8ms)
Completed 200 OK in 532ms (Views: 401.6ms)


Started GET "/" for 127.0.0.1 at 2017-09-22 18:24:50 -0300
Processing by HomeController#index as */*
  Rendering home/index.html.erb within layouts/application
  Rendered home/index.html.erb within layouts/application (787.2ms)
Completed 500 Internal Server Error in 800ms


  
ActionView::Template::Error (Encountered error "#<ExecJS::ProgramError: ReferenceError: Main is not defined>" when prerendering Main with {}
eval (eval at module.exports ((execjs):20743:19), <anonymous>:1:1)
Object.module.exports [as getConstructor] ((execjs):20743:19)
Object.serverRender ((execjs):20941:31)
eval (eval at <anonymous> ((execjs):21169:8), <anonymous>:6:45)
eval (eval at <anonymous> ((execjs):21169:8), <anonymous>:18:13)
(execjs):21169:8
(execjs):21175:14
global ((execjs):1:102)
Object.<anonymous> ((execjs):1:120)
Module._compile (module.js:573:30)
/Users/nisum/.rvm/gems/ruby-2.4.1/gems/execjs-2.7.0/lib/execjs/external_runtime.rb:39:in `exec'
/Users/nisum/.rvm/gems/ruby-2.4.1/gems/execjs-2.7.0/lib/execjs/external_runtime.rb:21:in `eval'
/Users/nisum/.rvm/gems/ruby-2.4.1/gems/react-rails-2.2.1/lib/react/server_rendering/exec_js_renderer.rb:39:in `render_from_parts'
/Users/nisum/.rvm/gems/ruby-2.4.1/gems/react-rails-2.2.1/lib/react/server_rendering/exec_js_renderer.rb:20:in `render'
/Users/nisum/.rvm/gems/ruby-2.4.1/gems/react-rails-2.2.1/lib/react/server_rendering/bundle_renderer.rb:40:in `render'
/Users/nisum/.rvm/gems/ruby-2.4.1/gems/react-rails-2.2.1/lib/react/server_rendering.rb:27:in `block in render'
/Users/nisum/.rvm/gems/ruby-2.4.1/gems/connection_pool-2.2.1/lib/connection_pool.rb:64:in `block (2 levels) in with'
/Users/nisum/.rvm/gems/ruby-2.4.1/gems/connection_pool-2.2.1/lib/connection_pool.rb:63:in `handle_interrupt'
/Users/nisum/.rvm/gems/ruby-2.4.1/gems/connection_pool-2.2.1/lib/connection_pool.rb:63:in `block in with'
/Users/nisum/.rvm/gems/ruby-2.4.1/gems/connection_pool-2.2.1/lib/connection_pool.rb:60:in `handle_interrupt'
/Users/nisum/.rvm/gems/ruby-2.4.1/gems/connection_pool-2.2.1/lib/connection_pool.rb:60:in `with'
/Users/nisum/.rvm/gems/ruby-2.4.1/gems/react-rails-2.2.1/lib/react/server_rendering.rb:26:in `render'
/Users/nisum/.rvm/gems/ruby-2.4.1/gems/react-rails-2.2.1/lib/react/rails/component_mount.rb:66:in `prerender_component'
/Users/nisum/.rvm/gems/ruby-2.4.1/gems/react-rails-2.2.1/lib/react/rails/component_mount.rb:34:in `block in react_component'
/Users/nisum/.rvm/gems/ruby-2.4.1/gems/actionview-5.1.4/lib/action_view/helpers/capture_helper.rb:39:in `block in capture'
/Users/nisum/.rvm/gems/ruby-2.4.1/gems/actionview-5.1.4/lib/action_view/helpers/capture_helper.rb:203:in `with_output_buffer'
/Users/nisum/.rvm/gems/ruby-2.4.1/gems/actionview-5.1.4/lib/action_view/helpers/capture_helper.rb:39:in `capture'
/Users/nisum/.rvm/gems/ruby-2.4.1/gems/actionview-5.1.4/lib/action_view/helpers/tag_helper.rb:272:in `content_tag'
/Users/nisum/.rvm/gems/ruby-2.4.1/gems/react-rails-2.2.1/lib/react/rails/component_mount.rb:49:in `react_component'
/Users/nisum/.rvm/gems/ruby-2.4.1/gems/react-rails-2.2.1/lib/react/rails/view_helper.rb:21:in `react_component'
/Users/nisum/twitter-clone/app/views/home/index.html.erb:3:in `_app_views_home_index_html_erb__531138173785678608_70164861629400'
/Users/nisum/.rvm/gems/ruby-2.4.1/gems/actionview-5.1.4/lib/action_view/template.rb:157:in `block in render'
/Users/nisum/.rvm/gems/ruby-2.4.1/gems/activesupport-5.1.4/lib/active_support/notifications.rb:168:in `instrument'
/Users/nisum/.rvm/gems/ruby-2.4.1/gems/actionview-5.1.4/lib/action_view/template.rb:352:in `instrument_render_template'
/Users/nisum/.rvm/gems/ruby-2.4.1/gems/actionview-5.1.4/lib/action_view/template.rb:155:in `render'
/Users/nisum/.rvm/gems/ruby-2.4.1/gems/actionview-5.1.4/lib/action_view/renderer/template_renderer.rb:52:in `block (2 levels) in render_template'
/Users/nisum/.rvm/gems/ruby-2.4.1/gems/actionview-5.1.4/lib/action_view/renderer/abstract_renderer.rb:42:in `block in instrument'
/Users/nisum/.rvm/gems/ruby-2.4.1/gems/activesupport-5.1.4/lib/active_support/notifications.rb:166:in `block in instrument'
/Users/nisum/.rvm/gems/ruby-2.4.1/gems/activesupport-5.1.4/lib/active_support/notifications/instrumenter.rb:21:in `instrument'
/Users/nisum/.rvm/gems/ruby-2.4.1/gems/activesupport-5.1.4/lib/active_support/notifications.rb:166:in `instrument'
/Users/nisum/.rvm/gems/ruby-2.4.1/gems/actionview-5.1.4/lib/action_view/renderer/abstract_renderer.rb:41:in `instrument'
/Users/nisum/.rvm/gems/ruby-2.4.1/gems/actionview-5.1.4/lib/action_view/renderer/template_renderer.rb:51:in `block in render_template'
/Users/nisum/.rvm/gems/ruby-2.4.1/gems/actionview-5.1.4/lib/action_view/renderer/template_renderer.rb:59:in `render_with_layout'
/Users/nisum/.rvm/gems/ruby-2.4.1/gems/actionview-5.1.4/lib/action_view/renderer/template_renderer.rb:50:in `render_template'
/Users/nisum/.rvm/gems/ruby-2.4.1/gems/actionview-5.1.4/lib/action_view/renderer/template_renderer.rb:14:in `render'
/Users/nisum/.rvm/gems/ruby-2.4.1/gems/actionview-5.1.4/lib/action_view/renderer/renderer.rb:42:in `render_template'
/Users/nisum/.rvm/gems/ruby-2.4.1/gems/actionview-5.1.4/lib/action_view/renderer/renderer.rb:23:in `render'
/Users/nisum/.rvm/gems/ruby-2.4.1/gems/actionview-5.1.4/lib/action_view/rendering.rb:103:in `_render_template'
/Users/nisum/.rvm/gems/ruby-2.4.1/gems/actionpack-5.1.4/lib/action_controller/metal/streaming.rb:217:in `_render_template'
/Users/nisum/.rvm/gems/ruby-2.4.1/gems/actionview-5.1.4/lib/action_view/rendering.rb:83:in `render_to_body'
/Users/nisum/.rvm/gems/ruby-2.4.1/gems/actionpack-5.1.4/lib/action_controller/metal/rendering.rb:52:in `render_to_body'
/Users/nisum/.rvm/gems/ruby-2.4.1/gems/actionpack-5.1.4/lib/action_controller/metal/renderers.rb:141:in `render_to_body'
/Users/nisum/.rvm/gems/ruby-2.4.1/gems/actionpack-5.1.4/lib/abstract_controller/rendering.rb:24:in `render'
/Users/nisum/.rvm/gems/ruby-2.4.1/gems/actionpack-5.1.4/lib/action_controller/metal/rendering.rb:36:in `render'
/Users/nisum/.rvm/gems/ruby-2.4.1/gems/actionpack-5.1.4/lib/action_controller/metal/instrumentation.rb:44:in `block (2 levels) in render'
/Users/nisum/.rvm/gems/ruby-2.4.1/gems/activesupport-5.1.4/lib/active_support/core_ext/benchmark.rb:12:in `block in ms'
/Users/nisum/.rvm/rubies/ruby-2.4.1/lib/ruby/2.4.0/benchmark.rb:308:in `realtime'
/Users/nisum/.rvm/gems/ruby-2.4.1/gems/activesupport-5.1.4/lib/active_support/core_ext/benchmark.rb:12:in `ms'
/Users/nisum/.rvm/gems/ruby-2.4.1/gems/actionpack-5.1.4/lib/action_controller/metal/instrumentation.rb:44:in `block in render'
/Users/nisum/.rvm/gems/ruby-2.4.1/gems/actionpack-5.1.4/lib/action_controller/metal/instrumentation.rb:87:in `cleanup_view_runtime'
/Users/nisum/.rvm/gems/ruby-2.4.1/gems/activerecord-5.1.4/lib/active_record/railties/controller_runtime.rb:34:in `cleanup_view_runtime'
/Users/nisum/.rvm/gems/ruby-2.4.1/gems/actionpack-5.1.4/lib/action_controller/metal/instrumentation.rb:43:in `render'
/Users/nisum/.rvm/gems/ruby-2.4.1/gems/actionpack-5.1.4/lib/action_controller/metal/implicit_render.rb:33:in `default_render'
/Users/nisum/.rvm/gems/ruby-2.4.1/gems/actionpack-5.1.4/lib/action_controller/metal/basic_implicit_render.rb:4:in `send_action'
/Users/nisum/.rvm/gems/ruby-2.4.1/gems/actionpack-5.1.4/lib/abstract_controller/base.rb:186:in `process_action'
/Users/nisum/.rvm/gems/ruby-2.4.1/gems/actionpack-5.1.4/lib/action_controller/metal/rendering.rb:30:in `process_action'
/Users/nisum/.rvm/gems/ruby-2.4.1/gems/actionpack-5.1.4/lib/abstract_controller/callbacks.rb:20:in `block in process_action'
/Users/nisum/.rvm/gems/ruby-2.4.1/gems/activesupport-5.1.4/lib/active_support/callbacks.rb:108:in `block in run_callbacks'
/Users/nisum/.rvm/gems/ruby-2.4.1/gems/react-rails-2.2.1/lib/react/rails/controller_lifecycle.rb:31:in `use_react_component_helper'
/Users/nisum/.rvm/gems/ruby-2.4.1/gems/activesupport-5.1.4/lib/active_support/callbacks.rb:117:in `block in run_callbacks'
/Users/nisum/.rvm/gems/ruby-2.4.1/gems/activesupport-5.1.4/lib/active_support/callbacks.rb:135:in `run_callbacks'
/Users/nisum/.rvm/gems/ruby-2.4.1/gems/actionpack-5.1.4/lib/abstract_controller/callbacks.rb:19:in `process_action'
/Users/nisum/.rvm/gems/ruby-2.4.1/gems/actionpack-5.1.4/lib/action_controller/metal/rescue.rb:20:in `process_action'
/Users/nisum/.rvm/gems/ruby-2.4.1/gems/actionpack-5.1.4/lib/action_controller/metal/instrumentation.rb:32:in `block in process_action'
/Users/nisum/.rvm/gems/ruby-2.4.1/gems/activesupport-5.1.4/lib/active_support/notifications.rb:166:in `block in instrument'
/Users/nisum/.rvm/gems/ruby-2.4.1/gems/activesupport-5.1.4/lib/active_support/notifications/instrumenter.rb:21:in `instrument'
/Users/nisum/.rvm/gems/ruby-2.4.1/gems/activesupport-5.1.4/lib/active_support/notifications.rb:166:in `instrument'
/Users/nisum/.rvm/gems/ruby-2.4.1/gems/actionpack-5.1.4/lib/action_controller/metal/instrumentation.rb:30:in `process_action'
/Users/nisum/.rvm/gems/ruby-2.4.1/gems/actionpack-5.1.4/lib/action_controller/metal/params_wrapper.rb:252:in `process_action'
/Users/nisum/.rvm/gems/ruby-2.4.1/gems/activerecord-5.1.4/lib/active_record/railties/controller_runtime.rb:22:in `process_action'
/Users/nisum/.rvm/gems/ruby-2.4.1/gems/actionpack-5.1.4/lib/abstract_controller/base.rb:124:in `process'
/Users/nisum/.rvm/gems/ruby-2.4.1/gems/actionview-5.1.4/lib/action_view/rendering.rb:30:in `process'
/Users/nisum/.rvm/gems/ruby-2.4.1/gems/actionpack-5.1.4/lib/action_controller/metal.rb:189:in `dispatch'
/Users/nisum/.rvm/gems/ruby-2.4.1/gems/actionpack-5.1.4/lib/action_controller/metal.rb:253:in `dispatch'
/Users/nisum/.rvm/gems/ruby-2.4.1/gems/actionpack-5.1.4/lib/action_dispatch/routing/route_set.rb:49:in `dispatch'
/Users/nisum/.rvm/gems/ruby-2.4.1/gems/actionpack-5.1.4/lib/action_dispatch/routing/route_set.rb:31:in `serve'
/Users/nisum/.rvm/gems/ruby-2.4.1/gems/actionpack-5.1.4/lib/action_dispatch/journey/router.rb:50:in `block in serve'
/Users/nisum/.rvm/gems/ruby-2.4.1/gems/actionpack-5.1.4/lib/action_dispatch/journey/router.rb:33:in `each'
/Users/nisum/.rvm/gems/ruby-2.4.1/gems/actionpack-5.1.4/lib/action_dispatch/journey/router.rb:33:in `serve'
/Users/nisum/.rvm/gems/ruby-2.4.1/gems/actionpack-5.1.4/lib/action_dispatch/routing/route_set.rb:834:in `call'
/Users/nisum/.rvm/gems/ruby-2.4.1/gems/rack-2.0.3/lib/rack/etag.rb:25:in `call'
/Users/nisum/.rvm/gems/ruby-2.4.1/gems/rack-2.0.3/lib/rack/conditional_get.rb:25:in `call'
/Users/nisum/.rvm/gems/ruby-2.4.1/gems/rack-2.0.3/lib/rack/head.rb:12:in `call'
/Users/nisum/.rvm/gems/ruby-2.4.1/gems/rack-2.0.3/lib/rack/session/abstract/id.rb:232:in `context'
/Users/nisum/.rvm/gems/ruby-2.4.1/gems/rack-2.0.3/lib/rack/session/abstract/id.rb:226:in `call'
/Users/nisum/.rvm/gems/ruby-2.4.1/gems/actionpack-5.1.4/lib/action_dispatch/middleware/cookies.rb:613:in `call'
/Users/nisum/.rvm/gems/ruby-2.4.1/gems/activerecord-5.1.4/lib/active_record/migration.rb:556:in `call'
/Users/nisum/.rvm/gems/ruby-2.4.1/gems/actionpack-5.1.4/lib/action_dispatch/middleware/callbacks.rb:26:in `block in call'
/Users/nisum/.rvm/gems/ruby-2.4.1/gems/activesupport-5.1.4/lib/active_support/callbacks.rb:97:in `run_callbacks'
/Users/nisum/.rvm/gems/ruby-2.4.1/gems/actionpack-5.1.4/lib/action_dispatch/middleware/callbacks.rb:24:in `call'
/Users/nisum/.rvm/gems/ruby-2.4.1/gems/actionpack-5.1.4/lib/action_dispatch/middleware/executor.rb:12:in `call'
/Users/nisum/.rvm/gems/ruby-2.4.1/gems/actionpack-5.1.4/lib/action_dispatch/middleware/debug_exceptions.rb:59:in `call'
/Users/nisum/.rvm/gems/ruby-2.4.1/gems/web-console-3.5.1/lib/web_console/middleware.rb:135:in `call_app'
/Users/nisum/.rvm/gems/ruby-2.4.1/gems/web-console-3.5.1/lib/web_console/middleware.rb:28:in `block in call'
/Users/nisum/.rvm/gems/ruby-2.4.1/gems/web-console-3.5.1/lib/web_console/middleware.rb:18:in `catch'
/Users/nisum/.rvm/gems/ruby-2.4.1/gems/web-console-3.5.1/lib/web_console/middleware.rb:18:in `call'
/Users/nisum/.rvm/gems/ruby-2.4.1/gems/actionpack-5.1.4/lib/action_dispatch/middleware/show_exceptions.rb:31:in `call'
/Users/nisum/.rvm/gems/ruby-2.4.1/gems/railties-5.1.4/lib/rails/rack/logger.rb:36:in `call_app'
/Users/nisum/.rvm/gems/ruby-2.4.1/gems/railties-5.1.4/lib/rails/rack/logger.rb:24:in `block in call'
/Users/nisum/.rvm/gems/ruby-2.4.1/gems/activesupport-5.1.4/lib/active_support/tagged_logging.rb:69:in `block in tagged'
/Users/nisum/.rvm/gems/ruby-2.4.1/gems/activesupport-5.1.4/lib/active_support/tagged_logging.rb:26:in `tagged'
/Users/nisum/.rvm/gems/ruby-2.4.1/gems/activesupport-5.1.4/lib/active_support/tagged_logging.rb:69:in `tagged'
/Users/nisum/.rvm/gems/ruby-2.4.1/gems/railties-5.1.4/lib/rails/rack/logger.rb:24:in `call'
/Users/nisum/.rvm/gems/ruby-2.4.1/gems/sprockets-rails-3.2.1/lib/sprockets/rails/quiet_assets.rb:13:in `call'
/Users/nisum/.rvm/gems/ruby-2.4.1/gems/actionpack-5.1.4/lib/action_dispatch/middleware/remote_ip.rb:79:in `call'
/Users/nisum/.rvm/gems/ruby-2.4.1/gems/actionpack-5.1.4/lib/action_dispatch/middleware/request_id.rb:25:in `call'
/Users/nisum/.rvm/gems/ruby-2.4.1/gems/rack-2.0.3/lib/rack/method_override.rb:22:in `call'
/Users/nisum/.rvm/gems/ruby-2.4.1/gems/rack-2.0.3/lib/rack/runtime.rb:22:in `call'
/Users/nisum/.rvm/gems/ruby-2.4.1/gems/activesupport-5.1.4/lib/active_support/cache/strategy/local_cache_middleware.rb:27:in `call'
/Users/nisum/.rvm/gems/ruby-2.4.1/gems/actionpack-5.1.4/lib/action_dispatch/middleware/executor.rb:12:in `call'
/Users/nisum/.rvm/gems/ruby-2.4.1/gems/actionpack-5.1.4/lib/action_dispatch/middleware/static.rb:125:in `call'
/Users/nisum/.rvm/gems/ruby-2.4.1/gems/rack-2.0.3/lib/rack/sendfile.rb:111:in `call'
/Users/nisum/.rvm/gems/ruby-2.4.1/gems/railties-5.1.4/lib/rails/engine.rb:522:in `call'
/Users/nisum/.rvm/gems/ruby-2.4.1/gems/puma-3.10.0/lib/puma/configuration.rb:225:in `call'
/Users/nisum/.rvm/gems/ruby-2.4.1/gems/puma-3.10.0/lib/puma/server.rb:605:in `handle_request'
/Users/nisum/.rvm/gems/ruby-2.4.1/gems/puma-3.10.0/lib/puma/server.rb:437:in `process_client'
/Users/nisum/.rvm/gems/ruby-2.4.1/gems/puma-3.10.0/lib/puma/server.rb:301:in `block in run'
/Users/nisum/.rvm/gems/ruby-2.4.1/gems/puma-3.10.0/lib/puma/thread_pool.rb:120:in `block in spawn_thread'):
    1: <div id="react"></div> 
    2: 
    3: <%= react_component("Main", {}, {prerender: true}) %>
  
app/views/home/index.html.erb:3:in `_app_views_home_index_html_erb__531138173785678608_70164861629400'
Started GET "/" for 127.0.0.1 at 2017-09-22 18:25:27 -0300
Processing by HomeController#index as */*
  Rendering home/index.html.erb within layouts/application
  Rendered home/index.html.erb within layouts/application (0.5ms)
Completed 200 OK in 44ms (Views: 38.2ms)


Started GET "/" for 127.0.0.1 at 2017-09-22 19:24:19 -0300
Processing by HomeController#index as HTML
  Rendering home/index.html.erb within layouts/application
  Rendered home/index.html.erb within layouts/application (1.0ms)
Completed 200 OK in 2117ms (Views: 1970.9ms)


Started GET "/" for 127.0.0.1 at 2017-09-22 19:26:36 -0300
Processing by HomeController#index as HTML
  Rendering home/index.html.erb within layouts/application
  Rendered home/index.html.erb within layouts/application (0.4ms)
Completed 200 OK in 678ms (Views: 676.6ms)


Started GET "/" for 127.0.0.1 at 2017-09-22 19:27:00 -0300
Processing by HomeController#index as HTML
  Rendering home/index.html.erb within layouts/application
  Rendered home/index.html.erb within layouts/application (1.2ms)
Completed 200 OK in 689ms (Views: 687.6ms)


Started GET "/" for 127.0.0.1 at 2017-09-25 11:54:25 -0300
Processing by HomeController#index as HTML
  Rendering home/index.html.erb within layouts/application
  Rendered home/index.html.erb within layouts/application (1.7ms)
Completed 200 OK in 509ms (Views: 299.1ms)


